<?xml version="1.0" encoding="UTF-8"?>
<testng-results ignored="0" total="1" passed="1" failed="0" skipped="0">
  <reporter-output>
  </reporter-output>
  <suite started-at="2024-06-26T16:37:00 IST" name="Default suite" finished-at="2024-06-26T16:37:10 IST" duration-ms="10408">
    <groups>
    </groups>
    <test started-at="2024-06-26T16:37:00 IST" name="Default test" finished-at="2024-06-26T16:37:10 IST" duration-ms="10408">
      <class name="com.test.rg.TestRg">
        <test-method signature="Facebook()[pri:0, instance:com.test.rg.TestRg@45752059]" started-at="2024-06-26T16:37:00 IST" name="Facebook" finished-at="2024-06-26T16:37:10 IST" duration-ms="10336" status="PASS">
          <reporter-output>
          </reporter-output>
        </test-method> <!-- Facebook -->
      </class> <!-- com.test.rg.TestRg -->
    </test> <!-- Default test -->
  </suite> <!-- Default suite -->
</testng-results>
